<?xml version="1.0" encoding="UTF-8"?>
<!-- Generated by org.testng.reporters.JUnitXMLReporter -->
<testsuite hostname="DESKTOP-8IGUF9C" name="Inventarios, departamentos, productos y Usuarios" tests="18" failures="1" timestamp="25 Aug 2021 01:59:41 GMT" time="0.236" errors="0">
  <testcase name="addItemOnCart" time="0.006" classname="com.sapiensacademytest.suite.Cart"/>
  <testcase name="clickOnItemOnCart" time="0.005" classname="com.sapiensacademytest.suite.Cart"/>
  <testcase name="modifyItemOnCart" time="0.003" classname="com.sapiensacademytest.suite.Cart"/>
  <testcase name="removeItemOnCart" time="0.001" classname="com.sapiensacademytest.suite.Cart"/>
  <testcase name="clickOnUser" time="0.002" classname="com.sapiensacademytest.suite.User"/>
  <testcase name="clickToAddUser" time="0.007" classname="com.sapiensacademytest.suite.User"/>
  <testcase name="clickToRemoveUser" time="0.008" classname="com.sapiensacademytest.suite.User"/>
  <testcase name="modifyUser" time="0.002" classname="com.sapiensacademytest.suite.User"/>
  <testcase name="clickOnDepartment" time="0.001" classname="com.sapiensacademytest.suite.Department"/>
  <testcase name="modifyDepartment" time="0.007" classname="com.sapiensacademytest.suite.Department"/>
  <testcase name="removeDepartment" time="0.001" classname="com.sapiensacademytest.suite.Department"/>
  <testcase name="addDepartment" time="0.002" classname="com.sapiensacademytest.suite.Department"/>
  <testcase name="addItem" time="0.001" classname="com.sapiensacademytest.suite.Item"/>
  <testcase name="clickOnItem" time="0.004" classname="com.sapiensacademytest.suite.Item"/>
  <testcase name="clickOnItem" time="0.021" classname="com.sapiensacademytest.suite.Item"/>
  <testcase name="clickOnItem" time="0.004" classname="com.sapiensacademytest.suite.Item"/>
  <testcase name="modifyItem" time="0.009" classname="com.sapiensacademytest.suite.Item">
    <failure type="java.lang.AssertionError" message="expected [true] but found [false]">
      <![CDATA[java.lang.AssertionError: expected [true] but found [false]
	at com.sapiensacademytest.suite.Item.modifyItem(Item.java:29)
... Removed 29 stack frames]]>
    </failure>
  </testcase> <!-- modifyItem -->
  <testcase name="removeItem" time="0.001" classname="com.sapiensacademytest.suite.Item"/>
</testsuite> <!-- Inventarios, departamentos, productos y Usuarios -->
